Using pre-set license
Built from '2021.3/staging' branch; Version is '2021.3.11f1 (0a5ca18544bf) revision 679073'; Using compiler version '192829333'; Build Type 'Release'
OS: 'Windows 11  (10.0.22000) 64bit Core' Language: 'en' Physical Memory: 16310 MB
BatchMode: 1, IsHumanControllingUs: 0, StartBugReporterOnCrash: 0, Is64bit: 1, IsPro: 1

COMMAND LINE ARGUMENTS:
C:\Program Files\Unity\Hub\Editor\2021.3.11f1\Editor\Unity.exe
-adb2
-batchMode
-noUpm
-name
AssetImportWorker0
-projectPath
C:/Users/admin/Documents/Visual-Novel/My project
-logFile
Logs/AssetImportWorker0.log
-srvPort
63934
Successfully changed project path to: C:/Users/admin/Documents/Visual-Novel/My project
C:/Users/admin/Documents/Visual-Novel/My project
[UnityMemory] Configuration Parameters - Can be set up in boot.config
    "memorysetup-bucket-allocator-granularity=16"
    "memorysetup-bucket-allocator-bucket-count=8"
    "memorysetup-bucket-allocator-block-size=33554432"
    "memorysetup-bucket-allocator-block-count=8"
    "memorysetup-main-allocator-block-size=16777216"
    "memorysetup-thread-allocator-block-size=16777216"
    "memorysetup-gfx-main-allocator-block-size=16777216"
    "memorysetup-gfx-thread-allocator-block-size=16777216"
    "memorysetup-cache-allocator-block-size=4194304"
    "memorysetup-typetree-allocator-block-size=2097152"
    "memorysetup-profiler-bucket-allocator-granularity=16"
    "memorysetup-profiler-bucket-allocator-bucket-count=8"
    "memorysetup-profiler-bucket-allocator-block-size=33554432"
    "memorysetup-profiler-bucket-allocator-block-count=8"
    "memorysetup-profiler-allocator-block-size=16777216"
    "memorysetup-profiler-editor-allocator-block-size=1048576"
    "memorysetup-temp-allocator-size-main=16777216"
    "memorysetup-job-temp-allocator-block-size=2097152"
    "memorysetup-job-temp-allocator-block-size-background=1048576"
    "memorysetup-job-temp-allocator-reduction-small-platforms=262144"
    "memorysetup-temp-allocator-size-background-worker=32768"
    "memorysetup-temp-allocator-size-job-worker=262144"
    "memorysetup-temp-allocator-size-preload-manager=33554432"
    "memorysetup-temp-allocator-size-nav-mesh-worker=65536"
    "memorysetup-temp-allocator-size-audio-worker=65536"
    "memorysetup-temp-allocator-size-cloud-worker=32768"
    "memorysetup-temp-allocator-size-gi-baking-worker=262144"
    "memorysetup-temp-allocator-size-gfx=262144"
Refreshing native plugins compatible for Editor in 63.25 ms, found 3 plugins.
Preloading 0 native plugins for Editor in 0.00 ms.
Initialize engine version: 2021.3.11f1 (0a5ca18544bf)
[Subsystems] Discovering subsystems at path C:/Program Files/Unity/Hub/Editor/2021.3.11f1/Editor/Data/Resources/UnitySubsystems
[Subsystems] Discovering subsystems at path C:/Users/admin/Documents/Visual-Novel/My project/Assets
GfxDevice: creating device client; threaded=0; jobified=0
Direct3D:
    Version:  Direct3D 11.0 [level 11.1]
    Renderer: NVIDIA GeForce RTX 3060 Ti (ID=0x2489)
    Vendor:   NVIDIA
    VRAM:     8050 MB
    Driver:   30.0.15.1277
Initialize mono
Mono path[0] = 'C:/Program Files/Unity/Hub/Editor/2021.3.11f1/Editor/Data/Managed'
Mono path[1] = 'C:/Program Files/Unity/Hub/Editor/2021.3.11f1/Editor/Data/MonoBleedingEdge/lib/mono/unityjit-win32'
Mono config path = 'C:/Program Files/Unity/Hub/Editor/2021.3.11f1/Editor/Data/MonoBleedingEdge/etc'
Using monoOptions --debugger-agent=transport=dt_socket,embedding=1,server=y,suspend=n,address=127.0.0.1:56232
Begin MonoManager ReloadAssembly
Registering precompiled unity dll's ...
Register platform support module: C:/Program Files/Unity/Hub/Editor/2021.3.11f1/Editor/Data/PlaybackEngines/WebGLSupport/UnityEditor.WebGL.Extensions.dll
Register platform support module: C:/Program Files/Unity/Hub/Editor/2021.3.11f1/Editor/Data/PlaybackEngines/WindowsStandaloneSupport/UnityEditor.WindowsStandalone.Extensions.dll
Registered in 0.004982 seconds.
Native extension for WindowsStandalone target not found
Native extension for WebGL target not found
Refreshing native plugins compatible for Editor in 68.35 ms, found 3 plugins.
Preloading 0 native plugins for Editor in 0.00 ms.
Mono: successfully reloaded assembly
- Completed reload, in  0.498 seconds
Domain Reload Profiling:
	ReloadAssembly (499ms)
		BeginReloadAssembly (56ms)
			ExecutionOrderSort (0ms)
			DisableScriptedObjects (0ms)
			BackupInstance (0ms)
			ReleaseScriptingObjects (0ms)
			CreateAndSetChildDomain (1ms)
		EndReloadAssembly (359ms)
			LoadAssemblies (55ms)
			RebuildTransferFunctionScriptingTraits (0ms)
			SetupTypeCache (83ms)
			ReleaseScriptCaches (0ms)
			RebuildScriptCaches (19ms)
			SetupLoadedEditorAssemblies (218ms)
				LogAssemblyErrors (0ms)
				InitializePlatformSupportModulesInManaged (6ms)
				SetLoadedEditorAssemblies (0ms)
				RefreshPlugins (68ms)
				BeforeProcessingInitializeOnLoad (1ms)
				ProcessInitializeOnLoadAttributes (107ms)
				ProcessInitializeOnLoadMethodAttributes (34ms)
				AfterProcessingInitializeOnLoad (0ms)
				EditorAssembliesLoaded (0ms)
			ExecutionOrderSort2 (0ms)
			AwakeInstancesAfterBackupRestoration (0ms)
Platform modules already initialized, skipping
Registering precompiled user dll's ...
Registered in 0.004628 seconds.
Begin MonoManager ReloadAssembly
Symbol file LoadedFromMemory doesn't match image C:\Users\admin\Documents\Visual-Novel\My project\Library\PackageCache\com.unity.visualscripting@1.7.8\Editor\VisualScripting.Core\Dependencies\YamlDotNet\Unity.VisualScripting.YamlDotNet.dll
Symbol file LoadedFromMemory doesn't match image C:\Users\admin\Documents\Visual-Novel\My project\Library\PackageCache\com.unity.visualscripting@1.7.8\Editor\VisualScripting.Core\Dependencies\DotNetZip\Unity.VisualScripting.IonicZip.dll
Native extension for WindowsStandalone target not found
Native extension for WebGL target not found
Refreshing native plugins compatible for Editor in 0.73 ms, found 3 plugins.
Preloading 0 native plugins for Editor in 0.00 ms.
Mono: successfully reloaded assembly
- Completed reload, in  0.774 seconds
Domain Reload Profiling:
	ReloadAssembly (775ms)
		BeginReloadAssembly (88ms)
			ExecutionOrderSort (0ms)
			DisableScriptedObjects (5ms)
			BackupInstance (0ms)
			ReleaseScriptingObjects (0ms)
			CreateAndSetChildDomain (18ms)
		EndReloadAssembly (596ms)
			LoadAssemblies (62ms)
			RebuildTransferFunctionScriptingTraits (0ms)
			SetupTypeCache (191ms)
			ReleaseScriptCaches (0ms)
			RebuildScriptCaches (36ms)
			SetupLoadedEditorAssemblies (280ms)
				LogAssemblyErrors (0ms)
				InitializePlatformSupportModulesInManaged (6ms)
				SetLoadedEditorAssemblies (0ms)
				RefreshPlugins (1ms)
				BeforeProcessingInitializeOnLoad (72ms)
				ProcessInitializeOnLoadAttributes (173ms)
				ProcessInitializeOnLoadMethodAttributes (21ms)
				AfterProcessingInitializeOnLoad (6ms)
				EditorAssembliesLoaded (0ms)
			ExecutionOrderSort2 (0ms)
			AwakeInstancesAfterBackupRestoration (4ms)
Platform modules already initialized, skipping
========================================================================
Worker process is ready to serve import requests
Launched and connected shader compiler UnityShaderCompiler.exe after 0.03 seconds
Refreshing native plugins compatible for Editor in 0.69 ms, found 3 plugins.
Preloading 0 native plugins for Editor in 0.00 ms.
Unloading 3380 Unused Serialized files (Serialized files now loaded: 0)
Unloading 27 unused Assets / (113.4 KB). Loaded Objects now: 3837.
Memory consumption went from 116.2 MB to 116.1 MB.
Total: 2.805600 ms (FindLiveObjects: 0.240700 ms CreateObjectMapping: 0.155100 ms MarkObjects: 2.316200 ms  DeleteObjects: 0.092900 ms)

AssetImportParameters requested are different than current active one (requested -> active):
  custom:video-decoder-ogg-theora: a1e56fd34408186e4bbccfd4996cb3dc -> 
  custom:container-muxer-webm: aa71ff27fc2769a1b78a27578f13a17b -> 
  custom:container-demuxer-webm: 4f35f7cbe854078d1ac9338744f61a02 -> 
  custom:video-encoder-webm-vp8: eb34c28f22e8b96e1ab97ce403110664 -> 
  custom:audio-encoder-webm-vorbis: bf7c407c2cedff20999df2af8eb42d56 -> 
  custom:framework-win-MediaFoundation: 216162199b28c13a410421893ffa2e32 -> 
  custom:container-demuxer-ogg: 62fdf1f143b41e24485cea50d1cbac27 -> 
  custom:video-decoder-webm-vp8: 9c59270c3fd7afecdb556c50c9e8de78 -> 
  custom:audio-decoder-ogg-vorbis: bf7c407c2cedff20999df2af8eb42d56 -> 
========================================================================
Received Import Request.
  Time since last request: 83130.007061 seconds.
  path: Assets/Scenes
  artifactKey: Guid(6ea315d0fd7389c41b19996891e99ae3) Importer(815301076,1909f56bfc062723c751e8b465ee728b)
Start importing Assets/Scenes using Guid(6ea315d0fd7389c41b19996891e99ae3) Importer(815301076,1909f56bfc062723c751e8b465ee728b)  -> (artifact id: 'b8193726cff86800c54781cdc6d54904') in 0.010065 seconds 
========================================================================
Received Import Request.
  Time since last request: 80.356201 seconds.
  path: Assets
  artifactKey: Guid(00000000000000001000000000000000) Importer(815301076,1909f56bfc062723c751e8b465ee728b)
Start importing Assets using Guid(00000000000000001000000000000000) Importer(815301076,1909f56bfc062723c751e8b465ee728b)  -> (artifact id: '79842766b460edbeab6a34051e857a80') in 0.005235 seconds 
========================================================================
Received Import Request.
  Time since last request: 50.646709 seconds.
  path: Assets/Scripts
  artifactKey: Guid(ab978918ae8fd0e42837b1072f56e527) Importer(815301076,1909f56bfc062723c751e8b465ee728b)
Start importing Assets/Scripts using Guid(ab978918ae8fd0e42837b1072f56e527) Importer(815301076,1909f56bfc062723c751e8b465ee728b)  -> (artifact id: '0f2b59211b038dde90a7b0a1e355ac16') in 0.004612 seconds 
========================================================================
Received Import Request.
  Time since last request: 7.500816 seconds.
  path: Assets/Ui
  artifactKey: Guid(aabbe13298daba840a2496a0883758b3) Importer(815301076,1909f56bfc062723c751e8b465ee728b)
Start importing Assets/Ui using Guid(aabbe13298daba840a2496a0883758b3) Importer(815301076,1909f56bfc062723c751e8b465ee728b)  -> (artifact id: '1ea78220d5fa5e204d91adc0be127ffa') in 0.004337 seconds 
========================================================================
Received Import Request.
  Time since last request: 11.599427 seconds.
  path: Assets/Images
  artifactKey: Guid(aabbe13298daba840a2496a0883758b3) Importer(815301076,1909f56bfc062723c751e8b465ee728b)
Start importing Assets/Images using Guid(aabbe13298daba840a2496a0883758b3) Importer(815301076,1909f56bfc062723c751e8b465ee728b)  -> (artifact id: 'c5d9fa983c4de392969cf08f34bc702d') in 0.005849 seconds 
========================================================================
Received Import Request.
  Time since last request: 8.796809 seconds.
  path: Assets/Images/Sprites
  artifactKey: Guid(6882120a40c20c94eb1e0ee81e7c6aaa) Importer(815301076,1909f56bfc062723c751e8b465ee728b)
Start importing Assets/Images/Sprites using Guid(6882120a40c20c94eb1e0ee81e7c6aaa) Importer(815301076,1909f56bfc062723c751e8b465ee728b)  -> (artifact id: 'f9a7cdced9a869ebe0a7da0cb5776fd7') in 0.004905 seconds 
========================================================================
Received Import Request.
  Time since last request: 10.960078 seconds.
  path: Assets/Images/Background
  artifactKey: Guid(205c8fb46d4888a4d84a5abbcb624297) Importer(815301076,1909f56bfc062723c751e8b465ee728b)
Start importing Assets/Images/Background using Guid(205c8fb46d4888a4d84a5abbcb624297) Importer(815301076,1909f56bfc062723c751e8b465ee728b)  -> (artifact id: '2a5008c9357ceed12132cbe24e95b969') in 0.004711 seconds 
========================================================================
Received Import Request.
  Time since last request: 8.113102 seconds.
  path: Assets/Images/Ui
  artifactKey: Guid(6cd5a2a8976a80d468121954805511f5) Importer(815301076,1909f56bfc062723c751e8b465ee728b)
Start importing Assets/Images/Ui using Guid(6cd5a2a8976a80d468121954805511f5) Importer(815301076,1909f56bfc062723c751e8b465ee728b)  -> (artifact id: 'eaff7df1d99ff68faff1818a41259cde') in 0.001667 seconds 
========================================================================
Received Import Request.
  Time since last request: 43.799457 seconds.
  path: Assets/Audio
  artifactKey: Guid(90bff02673d0acb47a325b381bb3293a) Importer(815301076,1909f56bfc062723c751e8b465ee728b)
Start importing Assets/Audio using Guid(90bff02673d0acb47a325b381bb3293a) Importer(815301076,1909f56bfc062723c751e8b465ee728b)  -> (artifact id: '0356122f6555fe7ecbab5e1124371879') in 0.004791 seconds 
========================================================================
Received Import Request.
  Time since last request: 167.286781 seconds.
  path: Assets/Images/Sprites/Koi
  artifactKey: Guid(5cfe70e2240efe74e9bf16ee54bd0d81) Importer(815301076,1909f56bfc062723c751e8b465ee728b)
Start importing Assets/Images/Sprites/Koi using Guid(5cfe70e2240efe74e9bf16ee54bd0d81) Importer(815301076,1909f56bfc062723c751e8b465ee728b)  -> (artifact id: 'fa99b1acb207a2cd4e33868e78d7b75e') in 0.004893 seconds 
========================================================================
Received Import Request.
  Time since last request: 46.288392 seconds.
  path: Assets/Images/Sprites/Koi/Koi Stand.png
  artifactKey: Guid(b7e2109917850234893417fd0a6c9341) Importer(815301076,1909f56bfc062723c751e8b465ee728b)
Start importing Assets/Images/Sprites/Koi/Koi Stand.png using Guid(b7e2109917850234893417fd0a6c9341) Importer(815301076,1909f56bfc062723c751e8b465ee728b)  -> (artifact id: '2ced8f58980fc35050b6bc0ab9cb2d0a') in 0.072174 seconds 
========================================================================
Received Import Request.
  Time since last request: 17.552568 seconds.
  path: Assets/Images/Sprites/Koi/Koi Stand.png
  artifactKey: Guid(b7e2109917850234893417fd0a6c9341) Importer(815301076,1909f56bfc062723c751e8b465ee728b)
Start importing Assets/Images/Sprites/Koi/Koi Stand.png using Guid(b7e2109917850234893417fd0a6c9341) Importer(815301076,1909f56bfc062723c751e8b465ee728b)  -> (artifact id: 'b5f7a4a9d266696d2ea58b6bcef5ba2e') in 0.051344 seconds 
========================================================================
Received Import Request.
  Time since last request: 11.840486 seconds.
  path: Assets/Images/Sprites/Koi/Koi Walk 1.png
  artifactKey: Guid(e62752eda01b1f743a3dc3a731ad3837) Importer(815301076,1909f56bfc062723c751e8b465ee728b)
Start importing Assets/Images/Sprites/Koi/Koi Walk 1.png using Guid(e62752eda01b1f743a3dc3a731ad3837) Importer(815301076,1909f56bfc062723c751e8b465ee728b)  -> (artifact id: 'e8402752a6105eedfc902d372931079f') in 0.012707 seconds 
========================================================================
Received Import Request.
  Time since last request: 2.906159 seconds.
  path: Assets/Images/Sprites/Koi/Koi Walk 2.png
  artifactKey: Guid(6e96e1b3bb5ab774a99925661e9c4c6c) Importer(815301076,1909f56bfc062723c751e8b465ee728b)
Start importing Assets/Images/Sprites/Koi/Koi Walk 2.png using Guid(6e96e1b3bb5ab774a99925661e9c4c6c) Importer(815301076,1909f56bfc062723c751e8b465ee728b)  -> (artifact id: 'bd19d699996ff3944837c77e10dc3fc4') in 0.015189 seconds 
========================================================================
Received Import Request.
  Time since last request: 3.265484 seconds.
  path: Assets/Images/Sprites/Koi/Koi Walk 1 (left).png
  artifactKey: Guid(bef32706f1a82094d8b83c7993723db9) Importer(815301076,1909f56bfc062723c751e8b465ee728b)
Start importing Assets/Images/Sprites/Koi/Koi Walk 1 (left).png using Guid(bef32706f1a82094d8b83c7993723db9) Importer(815301076,1909f56bfc062723c751e8b465ee728b)  -> (artifact id: 'a71b45c07674b411ae99463cea549aa5') in 0.010664 seconds 
========================================================================
Received Import Request.
  Time since last request: 3.022811 seconds.
  path: Assets/Images/Sprites/Koi/Koi Walk 2 (left).png
  artifactKey: Guid(099b526d695023a4ba8ca5773ff41eb5) Importer(815301076,1909f56bfc062723c751e8b465ee728b)
Start importing Assets/Images/Sprites/Koi/Koi Walk 2 (left).png using Guid(099b526d695023a4ba8ca5773ff41eb5) Importer(815301076,1909f56bfc062723c751e8b465ee728b)  -> (artifact id: 'ce810b921ff914b1137196b069364525') in 0.011238 seconds 
========================================================================
Received Import Request.
  Time since last request: 8.278059 seconds.
  path: Assets/Images/Sprites/Koi/Koi Walk 1 (left).png
  artifactKey: Guid(bef32706f1a82094d8b83c7993723db9) Importer(815301076,1909f56bfc062723c751e8b465ee728b)
Start importing Assets/Images/Sprites/Koi/Koi Walk 1 (left).png using Guid(bef32706f1a82094d8b83c7993723db9) Importer(815301076,1909f56bfc062723c751e8b465ee728b)  -> (artifact id: '0ead1b622808af75caf806a528fb9b56') in 0.062504 seconds 
========================================================================
Received Import Request.
  Time since last request: 0.000022 seconds.
  path: Assets/Images/Sprites/Koi/Koi Walk 2 (left).png
  artifactKey: Guid(099b526d695023a4ba8ca5773ff41eb5) Importer(815301076,1909f56bfc062723c751e8b465ee728b)
Start importing Assets/Images/Sprites/Koi/Koi Walk 2 (left).png using Guid(099b526d695023a4ba8ca5773ff41eb5) Importer(815301076,1909f56bfc062723c751e8b465ee728b)  -> (artifact id: 'b03668b590fd00abd045ac052050e049') in 0.018868 seconds 
========================================================================
Received Import Request.
  Time since last request: 0.000029 seconds.
  path: Assets/Images/Sprites/Koi/Koi Walk 2.png
  artifactKey: Guid(6e96e1b3bb5ab774a99925661e9c4c6c) Importer(815301076,1909f56bfc062723c751e8b465ee728b)
Start importing Assets/Images/Sprites/Koi/Koi Walk 2.png using Guid(6e96e1b3bb5ab774a99925661e9c4c6c) Importer(815301076,1909f56bfc062723c751e8b465ee728b)  -> (artifact id: '22b5d1135db6204deb0e0e8a26eba7af') in 0.018000 seconds 
========================================================================
Received Import Request.
  Time since last request: 16.208228 seconds.
  path: Assets/Images/Sprites/Koi/Koi Walk 1.png
  artifactKey: Guid(e62752eda01b1f743a3dc3a731ad3837) Importer(815301076,1909f56bfc062723c751e8b465ee728b)
Start importing Assets/Images/Sprites/Koi/Koi Walk 1.png using Guid(e62752eda01b1f743a3dc3a731ad3837) Importer(815301076,1909f56bfc062723c751e8b465ee728b)  -> (artifact id: '5379fe47d4cd81179ed3a4641014e9c0') in 0.168168 seconds 
========================================================================
Received Import Request.
  Time since last request: 60.185535 seconds.
  path: Assets/Scenes/Main Menu.unity
  artifactKey: Guid(fef47ef5a61004b44a29b37321ac0a90) Importer(815301076,1909f56bfc062723c751e8b465ee728b)
Start importing Assets/Scenes/Main Menu.unity using Guid(fef47ef5a61004b44a29b37321ac0a90) Importer(815301076,1909f56bfc062723c751e8b465ee728b)  -> (artifact id: 'd3032f5ff3a5320dccd7874aae0f7f5b') in 0.004982 seconds 
========================================================================
Received Import Request.
  Time since last request: 48.300734 seconds.
  path: Assets/Scenes/SampleScene.unity
  artifactKey: Guid(9fc0d4010bbf28b4594072e72b8655ab) Importer(815301076,1909f56bfc062723c751e8b465ee728b)
Start importing Assets/Scenes/SampleScene.unity using Guid(9fc0d4010bbf28b4594072e72b8655ab) Importer(815301076,1909f56bfc062723c751e8b465ee728b)  -> (artifact id: 'e55ccaa32d8e5c1de03c07a5412c8c3c') in 0.004853 seconds 
========================================================================
Received Import Request.
  Time since last request: 150.408335 seconds.
  path: Assets/Scenes/Credits.unity
  artifactKey: Guid(5bba2f0c53e6bc24b8ab9ad9abf6600c) Importer(815301076,1909f56bfc062723c751e8b465ee728b)
Start importing Assets/Scenes/Credits.unity using Guid(5bba2f0c53e6bc24b8ab9ad9abf6600c) Importer(815301076,1909f56bfc062723c751e8b465ee728b)  -> (artifact id: 'c18958021f3955236837d4821465e98c') in 0.005408 seconds 
