Using pre-set license
Built from '2021.3/staging' branch; Version is '2021.3.11f1 (0a5ca18544bf) revision 679073'; Using compiler version '192829333'; Build Type 'Release'
OS: 'Windows 11  (10.0.22000) 64bit Core' Language: 'en' Physical Memory: 16310 MB
BatchMode: 1, IsHumanControllingUs: 0, StartBugReporterOnCrash: 0, Is64bit: 1, IsPro: 1

COMMAND LINE ARGUMENTS:
C:\Program Files\Unity\Hub\Editor\2021.3.11f1\Editor\Unity.exe
-adb2
-batchMode
-noUpm
-name
AssetImportWorker2
-projectPath
C:/Users/admin/Documents/Visual-Novel/My project
-logFile
Logs/AssetImportWorker2.log
-srvPort
53940
Successfully changed project path to: C:/Users/admin/Documents/Visual-Novel/My project
C:/Users/admin/Documents/Visual-Novel/My project
[UnityMemory] Configuration Parameters - Can be set up in boot.config
    "memorysetup-bucket-allocator-granularity=16"
    "memorysetup-bucket-allocator-bucket-count=8"
    "memorysetup-bucket-allocator-block-size=33554432"
    "memorysetup-bucket-allocator-block-count=8"
    "memorysetup-main-allocator-block-size=16777216"
    "memorysetup-thread-allocator-block-size=16777216"
    "memorysetup-gfx-main-allocator-block-size=16777216"
    "memorysetup-gfx-thread-allocator-block-size=16777216"
    "memorysetup-cache-allocator-block-size=4194304"
    "memorysetup-typetree-allocator-block-size=2097152"
    "memorysetup-profiler-bucket-allocator-granularity=16"
    "memorysetup-profiler-bucket-allocator-bucket-count=8"
    "memorysetup-profiler-bucket-allocator-block-size=33554432"
    "memorysetup-profiler-bucket-allocator-block-count=8"
    "memorysetup-profiler-allocator-block-size=16777216"
    "memorysetup-profiler-editor-allocator-block-size=1048576"
    "memorysetup-temp-allocator-size-main=16777216"
    "memorysetup-job-temp-allocator-block-size=2097152"
    "memorysetup-job-temp-allocator-block-size-background=1048576"
    "memorysetup-job-temp-allocator-reduction-small-platforms=262144"
    "memorysetup-temp-allocator-size-background-worker=32768"
    "memorysetup-temp-allocator-size-job-worker=262144"
    "memorysetup-temp-allocator-size-preload-manager=33554432"
    "memorysetup-temp-allocator-size-nav-mesh-worker=65536"
    "memorysetup-temp-allocator-size-audio-worker=65536"
    "memorysetup-temp-allocator-size-cloud-worker=32768"
    "memorysetup-temp-allocator-size-gi-baking-worker=262144"
    "memorysetup-temp-allocator-size-gfx=262144"
Refreshing native plugins compatible for Editor in 67.16 ms, found 3 plugins.
Preloading 0 native plugins for Editor in 0.00 ms.
Initialize engine version: 2021.3.11f1 (0a5ca18544bf)
[Subsystems] Discovering subsystems at path C:/Program Files/Unity/Hub/Editor/2021.3.11f1/Editor/Data/Resources/UnitySubsystems
[Subsystems] Discovering subsystems at path C:/Users/admin/Documents/Visual-Novel/My project/Assets
GfxDevice: creating device client; threaded=0; jobified=0
Direct3D:
    Version:  Direct3D 11.0 [level 11.1]
    Renderer: NVIDIA GeForce RTX 3060 Ti (ID=0x2489)
    Vendor:   NVIDIA
    VRAM:     8050 MB
    Driver:   30.0.15.1277
Initialize mono
Mono path[0] = 'C:/Program Files/Unity/Hub/Editor/2021.3.11f1/Editor/Data/Managed'
Mono path[1] = 'C:/Program Files/Unity/Hub/Editor/2021.3.11f1/Editor/Data/MonoBleedingEdge/lib/mono/unityjit-win32'
Mono config path = 'C:/Program Files/Unity/Hub/Editor/2021.3.11f1/Editor/Data/MonoBleedingEdge/etc'
Using monoOptions --debugger-agent=transport=dt_socket,embedding=1,server=y,suspend=n,address=127.0.0.1:56788
Begin MonoManager ReloadAssembly
Registering precompiled unity dll's ...
Register platform support module: C:/Program Files/Unity/Hub/Editor/2021.3.11f1/Editor/Data/PlaybackEngines/WebGLSupport/UnityEditor.WebGL.Extensions.dll
Register platform support module: C:/Program Files/Unity/Hub/Editor/2021.3.11f1/Editor/Data/PlaybackEngines/WindowsStandaloneSupport/UnityEditor.WindowsStandalone.Extensions.dll
Registered in 0.004489 seconds.
Native extension for WindowsStandalone target not found
Native extension for WebGL target not found
Refreshing native plugins compatible for Editor in 72.36 ms, found 3 plugins.
Preloading 0 native plugins for Editor in 0.00 ms.
Mono: successfully reloaded assembly
- Completed reload, in  0.480 seconds
Domain Reload Profiling:
	ReloadAssembly (481ms)
		BeginReloadAssembly (55ms)
			ExecutionOrderSort (0ms)
			DisableScriptedObjects (0ms)
			BackupInstance (0ms)
			ReleaseScriptingObjects (0ms)
			CreateAndSetChildDomain (1ms)
		EndReloadAssembly (347ms)
			LoadAssemblies (53ms)
			RebuildTransferFunctionScriptingTraits (0ms)
			SetupTypeCache (73ms)
			ReleaseScriptCaches (0ms)
			RebuildScriptCaches (19ms)
			SetupLoadedEditorAssemblies (218ms)
				LogAssemblyErrors (0ms)
				InitializePlatformSupportModulesInManaged (7ms)
				SetLoadedEditorAssemblies (0ms)
				RefreshPlugins (72ms)
				BeforeProcessingInitializeOnLoad (1ms)
				ProcessInitializeOnLoadAttributes (104ms)
				ProcessInitializeOnLoadMethodAttributes (33ms)
				AfterProcessingInitializeOnLoad (0ms)
				EditorAssembliesLoaded (0ms)
			ExecutionOrderSort2 (0ms)
			AwakeInstancesAfterBackupRestoration (0ms)
Platform modules already initialized, skipping
Registering precompiled user dll's ...
Registered in 0.004685 seconds.
Begin MonoManager ReloadAssembly
Symbol file LoadedFromMemory doesn't match image C:\Users\admin\Documents\Visual-Novel\My project\Library\PackageCache\com.unity.visualscripting@1.7.8\Editor\VisualScripting.Core\Dependencies\YamlDotNet\Unity.VisualScripting.YamlDotNet.dll
Symbol file LoadedFromMemory doesn't match image C:\Users\admin\Documents\Visual-Novel\My project\Library\PackageCache\com.unity.visualscripting@1.7.8\Editor\VisualScripting.Core\Dependencies\DotNetZip\Unity.VisualScripting.IonicZip.dll
Native extension for WindowsStandalone target not found
Native extension for WebGL target not found
Refreshing native plugins compatible for Editor in 0.68 ms, found 3 plugins.
Preloading 0 native plugins for Editor in 0.00 ms.
Mono: successfully reloaded assembly
- Completed reload, in  0.748 seconds
Domain Reload Profiling:
	ReloadAssembly (749ms)
		BeginReloadAssembly (80ms)
			ExecutionOrderSort (0ms)
			DisableScriptedObjects (4ms)
			BackupInstance (0ms)
			ReleaseScriptingObjects (0ms)
			CreateAndSetChildDomain (16ms)
		EndReloadAssembly (585ms)
			LoadAssemblies (58ms)
			RebuildTransferFunctionScriptingTraits (0ms)
			SetupTypeCache (178ms)
			ReleaseScriptCaches (1ms)
			RebuildScriptCaches (34ms)
			SetupLoadedEditorAssemblies (284ms)
				LogAssemblyErrors (0ms)
				InitializePlatformSupportModulesInManaged (5ms)
				SetLoadedEditorAssemblies (0ms)
				RefreshPlugins (1ms)
				BeforeProcessingInitializeOnLoad (66ms)
				ProcessInitializeOnLoadAttributes (182ms)
				ProcessInitializeOnLoadMethodAttributes (23ms)
				AfterProcessingInitializeOnLoad (6ms)
				EditorAssembliesLoaded (0ms)
			ExecutionOrderSort2 (0ms)
			AwakeInstancesAfterBackupRestoration (4ms)
Platform modules already initialized, skipping
========================================================================
Worker process is ready to serve import requests
Launched and connected shader compiler UnityShaderCompiler.exe after 0.03 seconds
Refreshing native plugins compatible for Editor in 0.74 ms, found 3 plugins.
Preloading 0 native plugins for Editor in 0.00 ms.
Unloading 3382 Unused Serialized files (Serialized files now loaded: 0)
Unloading 27 unused Assets / (113.7 KB). Loaded Objects now: 3842.
Memory consumption went from 119.3 MB to 119.2 MB.
Total: 2.431500 ms (FindLiveObjects: 0.187100 ms CreateObjectMapping: 0.074400 ms MarkObjects: 2.072800 ms  DeleteObjects: 0.096600 ms)

AssetImportParameters requested are different than current active one (requested -> active):
  custom:video-decoder-ogg-theora: a1e56fd34408186e4bbccfd4996cb3dc -> 
  custom:container-muxer-webm: aa71ff27fc2769a1b78a27578f13a17b -> 
  custom:container-demuxer-webm: 4f35f7cbe854078d1ac9338744f61a02 -> 
  custom:video-encoder-webm-vp8: eb34c28f22e8b96e1ab97ce403110664 -> 
  custom:audio-encoder-webm-vorbis: bf7c407c2cedff20999df2af8eb42d56 -> 
  custom:framework-win-MediaFoundation: 216162199b28c13a410421893ffa2e32 -> 
  custom:container-demuxer-ogg: 62fdf1f143b41e24485cea50d1cbac27 -> 
  custom:video-decoder-webm-vp8: 9c59270c3fd7afecdb556c50c9e8de78 -> 
  custom:audio-decoder-ogg-vorbis: bf7c407c2cedff20999df2af8eb42d56 -> 
========================================================================
Received Import Request.
  Time since last request: 15991.473563 seconds.
  path: Assets/Images/Sprites/Koi/Koi Running/Koi Running Left (13).png
  artifactKey: Guid(3b71a0b960527c74ab00ca883bda16e8) Importer(815301076,1909f56bfc062723c751e8b465ee728b)
Start importing Assets/Images/Sprites/Koi/Koi Running/Koi Running Left (13).png using Guid(3b71a0b960527c74ab00ca883bda16e8) Importer(815301076,1909f56bfc062723c751e8b465ee728b)  -> (artifact id: '35facbe3db6f0b0a41e06cdf7de2197e') in 0.356759 seconds 
========================================================================
Received Import Request.
  Time since last request: 0.000035 seconds.
  path: Assets/Images/Sprites/Koi/Koi Running/Koi Running Left (17).png
  artifactKey: Guid(65d9d9f314d680a43a5e74714c171af4) Importer(815301076,1909f56bfc062723c751e8b465ee728b)
Start importing Assets/Images/Sprites/Koi/Koi Running/Koi Running Left (17).png using Guid(65d9d9f314d680a43a5e74714c171af4) Importer(815301076,1909f56bfc062723c751e8b465ee728b)  -> (artifact id: 'c16cef892509516be3529c919e2353cf') in 0.133696 seconds 
========================================================================
Received Import Request.
  Time since last request: 0.000028 seconds.
  path: Assets/Images/Sprites/Koi/Koi Running/Koi Running Left (5).png
  artifactKey: Guid(f2153a5a87171624e8dab8780f6ac1f5) Importer(815301076,1909f56bfc062723c751e8b465ee728b)
Start importing Assets/Images/Sprites/Koi/Koi Running/Koi Running Left (5).png using Guid(f2153a5a87171624e8dab8780f6ac1f5) Importer(815301076,1909f56bfc062723c751e8b465ee728b)  -> (artifact id: '9811758a20c5bcf9183d6bdebdfe348c') in 0.132444 seconds 
========================================================================
Received Import Request.
  Time since last request: 0.000033 seconds.
  path: Assets/Images/Sprites/Koi/Koi Running/Koi Running Left (9).png
  artifactKey: Guid(f1882799fe017fa41a952a23ae37709c) Importer(815301076,1909f56bfc062723c751e8b465ee728b)
Start importing Assets/Images/Sprites/Koi/Koi Running/Koi Running Left (9).png using Guid(f1882799fe017fa41a952a23ae37709c) Importer(815301076,1909f56bfc062723c751e8b465ee728b)  -> (artifact id: 'be5665063bdf9725909d63a8ca6d1e48') in 0.143075 seconds 
========================================================================
Received Import Request.
  Time since last request: 0.000031 seconds.
  path: Assets/Images/Sprites/Koi/Koi Running/Koi Running Left (4).png
  artifactKey: Guid(89bca120c6b61a04b95172a5c14df3f4) Importer(815301076,1909f56bfc062723c751e8b465ee728b)
Start importing Assets/Images/Sprites/Koi/Koi Running/Koi Running Left (4).png using Guid(89bca120c6b61a04b95172a5c14df3f4) Importer(815301076,1909f56bfc062723c751e8b465ee728b)  -> (artifact id: '8823229ed9788ad293576108048e5c69') in 0.135356 seconds 
========================================================================
Received Import Request.
  Time since last request: 0.000041 seconds.
  path: Assets/Images/Sprites/Koi/Koi Running/Koi Running Left (12).png
  artifactKey: Guid(511cc4aa0c5127442bef62f6b236f448) Importer(815301076,1909f56bfc062723c751e8b465ee728b)
Start importing Assets/Images/Sprites/Koi/Koi Running/Koi Running Left (12).png using Guid(511cc4aa0c5127442bef62f6b236f448) Importer(815301076,1909f56bfc062723c751e8b465ee728b)  -> (artifact id: '73f19cd9eeb6077beb5e808e2577adc4') in 0.141278 seconds 
========================================================================
Received Import Request.
  Time since last request: 148.733259 seconds.
  path: Assets/Images/Sprites/Koi/Koi Running/Koi Running Right (1).png
  artifactKey: Guid(53263a06d51a48840be0451ed24d87fb) Importer(815301076,1909f56bfc062723c751e8b465ee728b)
Start importing Assets/Images/Sprites/Koi/Koi Running/Koi Running Right (1).png using Guid(53263a06d51a48840be0451ed24d87fb) Importer(815301076,1909f56bfc062723c751e8b465ee728b)  -> (artifact id: '76ee6e45b296fc31d2d5c613d6d34045') in 0.015070 seconds 
========================================================================
Received Import Request.
  Time since last request: 0.000020 seconds.
  path: Assets/Images/Sprites/Koi/Koi Running/Koi Running Right (5).png
  artifactKey: Guid(986fb668f5b3df545bc08feceb9a61f7) Importer(815301076,1909f56bfc062723c751e8b465ee728b)
Start importing Assets/Images/Sprites/Koi/Koi Running/Koi Running Right (5).png using Guid(986fb668f5b3df545bc08feceb9a61f7) Importer(815301076,1909f56bfc062723c751e8b465ee728b)  -> (artifact id: '85c701a7247a567a0782fb6d2b74f473') in 0.013775 seconds 
========================================================================
Received Import Request.
  Time since last request: 0.000026 seconds.
  path: Assets/Images/Sprites/Koi/Koi Running/Koi Running Right (15).png
  artifactKey: Guid(81b6636c586f82648abd880c13109bcf) Importer(815301076,1909f56bfc062723c751e8b465ee728b)
Start importing Assets/Images/Sprites/Koi/Koi Running/Koi Running Right (15).png using Guid(81b6636c586f82648abd880c13109bcf) Importer(815301076,1909f56bfc062723c751e8b465ee728b)  -> (artifact id: '464379950a77739c66b35b0f89f68a8c') in 0.011830 seconds 
========================================================================
Received Import Request.
  Time since last request: 0.000017 seconds.
  path: Assets/Images/Sprites/Koi/Koi Running/Koi Running Right (7).png
  artifactKey: Guid(66236c1372fc5d342b53c84122a893c3) Importer(815301076,1909f56bfc062723c751e8b465ee728b)
Start importing Assets/Images/Sprites/Koi/Koi Running/Koi Running Right (7).png using Guid(66236c1372fc5d342b53c84122a893c3) Importer(815301076,1909f56bfc062723c751e8b465ee728b)  -> (artifact id: 'cf0e1f71751cb8036942ad8b3dc5ef29') in 0.009632 seconds 
========================================================================
Received Import Request.
  Time since last request: 0.000027 seconds.
  path: Assets/Images/Sprites/Koi/Koi Running/Koi Running Right (9).png
  artifactKey: Guid(ca3b3d434de9ea84a8de16cf7479eb5f) Importer(815301076,1909f56bfc062723c751e8b465ee728b)
Start importing Assets/Images/Sprites/Koi/Koi Running/Koi Running Right (9).png using Guid(ca3b3d434de9ea84a8de16cf7479eb5f) Importer(815301076,1909f56bfc062723c751e8b465ee728b)  -> (artifact id: 'ca1a35252b2eb28e9a51ab6080a53b1a') in 0.009926 seconds 
========================================================================
Received Import Request.
  Time since last request: 0.000025 seconds.
  path: Assets/Images/Sprites/Koi/Koi Running/Koi Running Right (6).png
  artifactKey: Guid(460da2e2df8f3fb489b9b64d91e8b119) Importer(815301076,1909f56bfc062723c751e8b465ee728b)
Start importing Assets/Images/Sprites/Koi/Koi Running/Koi Running Right (6).png using Guid(460da2e2df8f3fb489b9b64d91e8b119) Importer(815301076,1909f56bfc062723c751e8b465ee728b)  -> (artifact id: '94ff34e7de68469192c771226053287e') in 0.010928 seconds 
========================================================================
Received Import Request.
  Time since last request: 0.000020 seconds.
  path: Assets/Images/Sprites/Koi/Koi Running/Koi Running Right (3).png
  artifactKey: Guid(849b8eb31f4023741af4ae85784cc406) Importer(815301076,1909f56bfc062723c751e8b465ee728b)
Start importing Assets/Images/Sprites/Koi/Koi Running/Koi Running Right (3).png using Guid(849b8eb31f4023741af4ae85784cc406) Importer(815301076,1909f56bfc062723c751e8b465ee728b)  -> (artifact id: '3f2615e41ddeb337c36d7d5b1726ebc1') in 0.011024 seconds 
========================================================================
Received Import Request.
  Time since last request: 0.000016 seconds.
  path: Assets/Images/Sprites/Koi/Koi Running/Koi Running Right (17).png
  artifactKey: Guid(84598b4c08378774b84e2cf5441bd99c) Importer(815301076,1909f56bfc062723c751e8b465ee728b)
Start importing Assets/Images/Sprites/Koi/Koi Running/Koi Running Right (17).png using Guid(84598b4c08378774b84e2cf5441bd99c) Importer(815301076,1909f56bfc062723c751e8b465ee728b)  -> (artifact id: '0a076c0fe03316e18fd3389738cb9ea9') in 0.010443 seconds 
========================================================================
Received Import Request.
  Time since last request: 0.000022 seconds.
  path: Assets/Images/Sprites/Koi/Koi Running/Koi Running Right (8).png
  artifactKey: Guid(29367b5e12ec4bc4d89d3f1f8e8c2465) Importer(815301076,1909f56bfc062723c751e8b465ee728b)
Start importing Assets/Images/Sprites/Koi/Koi Running/Koi Running Right (8).png using Guid(29367b5e12ec4bc4d89d3f1f8e8c2465) Importer(815301076,1909f56bfc062723c751e8b465ee728b)  -> (artifact id: '858bd0414249f5b472dbacc5d8dd4b78') in 0.009477 seconds 
========================================================================
Received Import Request.
  Time since last request: 19.453979 seconds.
  path: Assets/Images/Sprites/Koi/Koi Running/Koi Running Right (15).png
  artifactKey: Guid(81b6636c586f82648abd880c13109bcf) Importer(815301076,1909f56bfc062723c751e8b465ee728b)
Start importing Assets/Images/Sprites/Koi/Koi Running/Koi Running Right (15).png using Guid(81b6636c586f82648abd880c13109bcf) Importer(815301076,1909f56bfc062723c751e8b465ee728b)  -> (artifact id: '9c137b1c86b57b729fad70900638f237') in 0.236636 seconds 
========================================================================
Received Import Request.
  Time since last request: 0.000020 seconds.
  path: Assets/Images/Sprites/Koi/Koi Running/Koi Running Right (4).png
  artifactKey: Guid(8789f8b174602e94dbed00b695d2b60d) Importer(815301076,1909f56bfc062723c751e8b465ee728b)
Start importing Assets/Images/Sprites/Koi/Koi Running/Koi Running Right (4).png using Guid(8789f8b174602e94dbed00b695d2b60d) Importer(815301076,1909f56bfc062723c751e8b465ee728b)  -> (artifact id: '9e87ca763958c4ce75ccc57e77669de9') in 0.127007 seconds 
========================================================================
Received Import Request.
  Time since last request: 0.000030 seconds.
  path: Assets/Images/Sprites/Koi/Koi Running/Koi Running Right (10).png
  artifactKey: Guid(96370282a5a89cd418477f691bd6499e) Importer(815301076,1909f56bfc062723c751e8b465ee728b)
Start importing Assets/Images/Sprites/Koi/Koi Running/Koi Running Right (10).png using Guid(96370282a5a89cd418477f691bd6499e) Importer(815301076,1909f56bfc062723c751e8b465ee728b)  -> (artifact id: 'b476f40fc06fe5c645e34e639e99ccd1') in 0.136496 seconds 
========================================================================
Received Import Request.
  Time since last request: 0.000023 seconds.
  path: Assets/Images/Sprites/Koi/Koi Running/Koi Running Right (9).png
  artifactKey: Guid(ca3b3d434de9ea84a8de16cf7479eb5f) Importer(815301076,1909f56bfc062723c751e8b465ee728b)
Start importing Assets/Images/Sprites/Koi/Koi Running/Koi Running Right (9).png using Guid(ca3b3d434de9ea84a8de16cf7479eb5f) Importer(815301076,1909f56bfc062723c751e8b465ee728b)  -> (artifact id: 'ce20d4957058f1ea1f39b2b401e992be') in 0.127739 seconds 
========================================================================
Received Import Request.
  Time since last request: 0.000023 seconds.
  path: Assets/Images/Sprites/Koi/Koi Running/Koi Running Right (13).png
  artifactKey: Guid(d141dd40feb85dd47a02926c749ab546) Importer(815301076,1909f56bfc062723c751e8b465ee728b)
Start importing Assets/Images/Sprites/Koi/Koi Running/Koi Running Right (13).png using Guid(d141dd40feb85dd47a02926c749ab546) Importer(815301076,1909f56bfc062723c751e8b465ee728b)  -> (artifact id: '19da3433895d7503a3c33a82d093daa7') in 0.133185 seconds 
========================================================================
Received Import Request.
  Time since last request: 0.000023 seconds.
  path: Assets/Images/Sprites/Koi/Koi Running/Koi Running Right (17).png
  artifactKey: Guid(84598b4c08378774b84e2cf5441bd99c) Importer(815301076,1909f56bfc062723c751e8b465ee728b)
Start importing Assets/Images/Sprites/Koi/Koi Running/Koi Running Right (17).png using Guid(84598b4c08378774b84e2cf5441bd99c) Importer(815301076,1909f56bfc062723c751e8b465ee728b)  -> (artifact id: 'b55e7f8ddc851e1f652e508a6334eec4') in 0.128747 seconds 
========================================================================
Received Prepare
Registering precompiled user dll's ...
Registered in 0.004666 seconds.
Begin MonoManager ReloadAssembly
Symbol file LoadedFromMemory doesn't match image C:\Users\admin\Documents\Visual-Novel\My project\Library\PackageCache\com.unity.visualscripting@1.7.8\Editor\VisualScripting.Core\Dependencies\YamlDotNet\Unity.VisualScripting.YamlDotNet.dll
Symbol file LoadedFromMemory doesn't match image C:\Users\admin\Documents\Visual-Novel\My project\Library\PackageCache\com.unity.visualscripting@1.7.8\Editor\VisualScripting.Core\Dependencies\DotNetZip\Unity.VisualScripting.IonicZip.dll
Native extension for WindowsStandalone target not found
Native extension for WebGL target not found
Refreshing native plugins compatible for Editor in 0.61 ms, found 3 plugins.
Preloading 0 native plugins for Editor in 0.00 ms.
Mono: successfully reloaded assembly
- Completed reload, in  0.869 seconds
Domain Reload Profiling:
	ReloadAssembly (869ms)
		BeginReloadAssembly (117ms)
			ExecutionOrderSort (0ms)
			DisableScriptedObjects (4ms)
			BackupInstance (0ms)
			ReleaseScriptingObjects (0ms)
			CreateAndSetChildDomain (36ms)
		EndReloadAssembly (670ms)
			LoadAssemblies (67ms)
			RebuildTransferFunctionScriptingTraits (0ms)
			SetupTypeCache (229ms)
			ReleaseScriptCaches (1ms)
			RebuildScriptCaches (34ms)
			SetupLoadedEditorAssemblies (305ms)
				LogAssemblyErrors (0ms)
				InitializePlatformSupportModulesInManaged (11ms)
				SetLoadedEditorAssemblies (0ms)
				RefreshPlugins (1ms)
				BeforeProcessingInitializeOnLoad (64ms)
				ProcessInitializeOnLoadAttributes (193ms)
				ProcessInitializeOnLoadMethodAttributes (27ms)
				AfterProcessingInitializeOnLoad (8ms)
				EditorAssembliesLoaded (0ms)
			ExecutionOrderSort2 (0ms)
			AwakeInstancesAfterBackupRestoration (6ms)
Platform modules already initialized, skipping
Refreshing native plugins compatible for Editor in 2.20 ms, found 3 plugins.
Preloading 0 native plugins for Editor in 0.00 ms.
Unloading 3377 Unused Serialized files (Serialized files now loaded: 0)
Unloading 20 unused Assets / (80.1 KB). Loaded Objects now: 3853.
Memory consumption went from 123.6 MB to 123.5 MB.
Total: 4.002500 ms (FindLiveObjects: 0.547700 ms CreateObjectMapping: 0.089700 ms MarkObjects: 3.275900 ms  DeleteObjects: 0.087600 ms)

AssetImportParameters requested are different than current active one (requested -> active):
  custom:video-decoder-ogg-theora: a1e56fd34408186e4bbccfd4996cb3dc -> 
  custom:container-muxer-webm: aa71ff27fc2769a1b78a27578f13a17b -> 
  custom:container-demuxer-webm: 4f35f7cbe854078d1ac9338744f61a02 -> 
  custom:video-encoder-webm-vp8: eb34c28f22e8b96e1ab97ce403110664 -> 
  custom:audio-encoder-webm-vorbis: bf7c407c2cedff20999df2af8eb42d56 -> 
  custom:framework-win-MediaFoundation: 216162199b28c13a410421893ffa2e32 -> 
  custom:container-demuxer-ogg: 62fdf1f143b41e24485cea50d1cbac27 -> 
  custom:video-decoder-webm-vp8: 9c59270c3fd7afecdb556c50c9e8de78 -> 
  custom:audio-decoder-ogg-vorbis: bf7c407c2cedff20999df2af8eb42d56 -> 
Editor requested this worker to shutdown with reason: Scaling down because of idle timeout
AssetImportWorker is now disconnected from the server
Process exiting
Exiting without the bug reporter. Application will terminate with return code 0